<?xml version="1.0" encoding="UTF-8"?>
<!-- Generated by org.testng.reporters.JUnitReportReporter -->
<testsuite hostname="MacBook-Air.local" name="orange.hrm.TestRunner" tests="1" failures="0" timestamp="14 Jul 2016 07:25:07 GMT" time="20.307" errors="0">
  <testcase name="feature" time="20.307" classname="orange.hrm.TestRunner"/>
</testsuite> <!-- orange.hrm.TestRunner -->
